40 error Error: Command failed with exit code 1: git commit -F /private/var/folders/dw/d_t2g1fn6kvgg0_dpm9hn51m0000gp/T/57f3adfe-65d1-4630-8eb2-8b44e4b35e68/lerna-commit.txt
40 error husky > pre-commit (node v16.1.0)
40 error ⚠ Some of your tasks use `git add` command. Please remove it from the config since all modifications made by tasks will be automatically added to the git commit index.
40 error
40 error ℹ No staged files match any configured task.
40 error husky > commit-msg (node v16.1.0)
40 error ⧗   input: Publish
40 error
40 error  - @yuicer/vuepress-plugin-sorted-pages@2.3.7
40 error  - @yuicer/vuepress-theme-yuicer@2.3.8
40 error ✖   subject may not be empty [subject-empty]
40 error ✖   type may not be empty [type-empty]
40 error
40 error ✖   found 2 problems, 0 warnings
40 error ⓘ   Get help: https://github.com/conventional-changelog/commitlint/#what-is-commitlint
40 error
40 error husky > commit-msg hook failed (add --no-verify to bypass)
40 error     at makeError (/Users/bytedance/yuicer/vuepress-theme-yuicer/node_modules/execa/lib/error.js:59:11)
40 error     at handlePromise (/Users/bytedance/yuicer/vuepress-theme-yuicer/node_modules/execa/index.js:114:26)
40 error     at processTicksAndRejections (node:internal/process/task_queues:96:5)
40 error     at async Promise.all (index 0)
